CRITICAL - 2023-04-06 05:34:27 --> The framework needs the following extension(s) installed and loaded: intl, mbstring.
in SYSTEMPATH\CodeIgniter.php on line 226.
 1 SYSTEMPATH\CodeIgniter.php(226): CodeIgniter\Exceptions\FrameworkException::forMissingExtension('intl, mbstring')
 2 SYSTEMPATH\CodeIgniter.php(190): CodeIgniter\CodeIgniter->resolvePlatformExtensions()
 3 ROOTPATH\spark(83): CodeIgniter\CodeIgniter->initialize()
CRITICAL - 2023-04-06 05:34:27 --> Uncaught Error: Call to undefined function CodeIgniter\CLI\mb_strpos() in C:\xampp\htdocs\codeigniter\pro\system\CLI\CLI.php:872
Stack trace:
#0 C:\xampp\htdocs\codeigniter\pro\system\CLI\CLI.php(161): CodeIgniter\CLI\CLI::parseCommandLine()
#1 C:\xampp\htdocs\codeigniter\pro\system\CLI\CLI.php(1115): CodeIgniter\CLI\CLI::init()
#2 C:\xampp\htdocs\codeigniter\pro\system\Autoloader\Autoloader.php(312): include_once('C:\\xampp\\htdocs...')
#3 C:\xampp\htdocs\codeigniter\pro\system\Autoloader\Autoloader.php(289): CodeIgniter\Autoloader\Autoloader->includeFile('C:\\xampp\\htdocs...')
#4 C:\xampp\htdocs\codeigniter\pro\system\Autoloader\Autoloader.php(267): CodeIgniter\Autoloader\Autoloader->loadInNamespace('CodeIgniter\\CLI...')
#5 [internal function]: CodeIgniter\Autoloader\Autoloader->loadClass('CodeIgniter\\CLI...')
#6 C:\xampp\htdocs\codeigniter\pro\app\Views\errors\cli\error_exception.php(6): spl_autoload_call('CodeIgniter\\CLI...')
#7 C:\xampp\htdocs\codeigniter\pro\app\Views\errors\cli\production.php(5): i
【Previous Exception】
CodeIgniter\Exceptions\FrameworkException
The framework needs the following extension(s) installed and loaded: intl, mbstring.
#0 C:\xampp\htdocs\codeigniter\pro\system\CodeIgniter.php(226): CodeIgniter\Exceptions\FrameworkException::forMissingExtension('intl, mbstring')
#1 C:\xampp\htdocs\codeigniter\pro\system\CodeIgniter.php(190): CodeIgniter\CodeIgniter->resolvePlatformExtensions()
#2 C:\xampp\htdocs\codeigniter\pro\spark(83): CodeIgniter\CodeIgniter->initialize()
#3 {main}
in SYSTEMPATH\CLI\CLI.php on line 872.
 1 [internal function]: CodeIgniter\Debug\Exceptions->shutdownHandler()
CRITICAL - 2023-04-06 05:58:03 --> The framework needs the following extension(s) installed and loaded: intl, mbstring.
in SYSTEMPATH\CodeIgniter.php on line 226.
 1 SYSTEMPATH\CodeIgniter.php(226): CodeIgniter\Exceptions\FrameworkException::forMissingExtension('intl, mbstring')
 2 SYSTEMPATH\CodeIgniter.php(190): CodeIgniter\CodeIgniter->resolvePlatformExtensions()
 3 ROOTPATH\spark(83): CodeIgniter\CodeIgniter->initialize()
CRITICAL - 2023-04-06 05:58:03 --> Uncaught Error: Call to undefined function CodeIgniter\CLI\mb_strpos() in C:\xampp\htdocs\pro\system\CLI\CLI.php:872
Stack trace:
#0 C:\xampp\htdocs\pro\system\CLI\CLI.php(161): CodeIgniter\CLI\CLI::parseCommandLine()
#1 C:\xampp\htdocs\pro\system\CLI\CLI.php(1115): CodeIgniter\CLI\CLI::init()
#2 C:\xampp\htdocs\pro\system\Autoloader\Autoloader.php(312): include_once('C:\\xampp\\htdocs...')
#3 C:\xampp\htdocs\pro\system\Autoloader\Autoloader.php(289): CodeIgniter\Autoloader\Autoloader->includeFile('C:\\xampp\\htdocs...')
#4 C:\xampp\htdocs\pro\system\Autoloader\Autoloader.php(267): CodeIgniter\Autoloader\Autoloader->loadInNamespace('CodeIgniter\\CLI...')
#5 [internal function]: CodeIgniter\Autoloader\Autoloader->loadClass('CodeIgniter\\CLI...')
#6 C:\xampp\htdocs\pro\app\Views\errors\cli\error_exception.php(6): spl_autoload_call('CodeIgniter\\CLI...')
#7 C:\xampp\htdocs\pro\app\Views\errors\cli\production.php(5): include('C:\\xampp\\htdocs...')
#8 C:\xampp\htdocs\pro\system\Debug\Exceptions.php(282): include(
【Previous Exception】
CodeIgniter\Exceptions\FrameworkException
The framework needs the following extension(s) installed and loaded: intl, mbstring.
#0 C:\xampp\htdocs\pro\system\CodeIgniter.php(226): CodeIgniter\Exceptions\FrameworkException::forMissingExtension('intl, mbstring')
#1 C:\xampp\htdocs\pro\system\CodeIgniter.php(190): CodeIgniter\CodeIgniter->resolvePlatformExtensions()
#2 C:\xampp\htdocs\pro\spark(83): CodeIgniter\CodeIgniter->initialize()
#3 {main}
in SYSTEMPATH\CLI\CLI.php on line 872.
 1 [internal function]: CodeIgniter\Debug\Exceptions->shutdownHandler()
CRITICAL - 2023-04-06 11:05:11 --> The framework needs the following extension(s) installed and loaded: intl, mbstring.
in SYSTEMPATH\CodeIgniter.php on line 226.
 1 SYSTEMPATH\CodeIgniter.php(226): CodeIgniter\Exceptions\FrameworkException::forMissingExtension('intl, mbstring')
 2 SYSTEMPATH\CodeIgniter.php(190): CodeIgniter\CodeIgniter->resolvePlatformExtensions()
 3 ROOTPATH\spark(83): CodeIgniter\CodeIgniter->initialize()
CRITICAL - 2023-04-06 11:05:11 --> Uncaught Error: Call to undefined function CodeIgniter\CLI\mb_strpos() in C:\xampp\htdocs\pro\system\CLI\CLI.php:872
Stack trace:
#0 C:\xampp\htdocs\pro\system\CLI\CLI.php(161): CodeIgniter\CLI\CLI::parseCommandLine()
#1 C:\xampp\htdocs\pro\system\CLI\CLI.php(1115): CodeIgniter\CLI\CLI::init()
#2 C:\xampp\htdocs\pro\system\Autoloader\Autoloader.php(312): include_once('C:\\xampp\\htdocs...')
#3 C:\xampp\htdocs\pro\system\Autoloader\Autoloader.php(289): CodeIgniter\Autoloader\Autoloader->includeFile('C:\\xampp\\htdocs...')
#4 C:\xampp\htdocs\pro\system\Autoloader\Autoloader.php(267): CodeIgniter\Autoloader\Autoloader->loadInNamespace('CodeIgniter\\CLI...')
#5 [internal function]: CodeIgniter\Autoloader\Autoloader->loadClass('CodeIgniter\\CLI...')
#6 C:\xampp\htdocs\pro\app\Views\errors\cli\error_exception.php(6): spl_autoload_call('CodeIgniter\\CLI...')
#7 C:\xampp\htdocs\pro\app\Views\errors\cli\production.php(5): include('C:\\xampp\\htdocs...')
#8 C:\xampp\htdocs\pro\system\Debug\Exceptions.php(282): include(
【Previous Exception】
CodeIgniter\Exceptions\FrameworkException
The framework needs the following extension(s) installed and loaded: intl, mbstring.
#0 C:\xampp\htdocs\pro\system\CodeIgniter.php(226): CodeIgniter\Exceptions\FrameworkException::forMissingExtension('intl, mbstring')
#1 C:\xampp\htdocs\pro\system\CodeIgniter.php(190): CodeIgniter\CodeIgniter->resolvePlatformExtensions()
#2 C:\xampp\htdocs\pro\spark(83): CodeIgniter\CodeIgniter->initialize()
#3 {main}
in SYSTEMPATH\CLI\CLI.php on line 872.
 1 [internal function]: CodeIgniter\Debug\Exceptions->shutdownHandler()
CRITICAL - 2023-04-06 11:05:38 --> The framework needs the following extension(s) installed and loaded: intl, mbstring.
in SYSTEMPATH\CodeIgniter.php on line 226.
 1 SYSTEMPATH\CodeIgniter.php(226): CodeIgniter\Exceptions\FrameworkException::forMissingExtension('intl, mbstring')
 2 SYSTEMPATH\CodeIgniter.php(190): CodeIgniter\CodeIgniter->resolvePlatformExtensions()
 3 ROOTPATH\spark(83): CodeIgniter\CodeIgniter->initialize()
CRITICAL - 2023-04-06 11:05:38 --> Uncaught Error: Call to undefined function CodeIgniter\CLI\mb_strpos() in C:\xampp\htdocs\pro\system\CLI\CLI.php:872
Stack trace:
#0 C:\xampp\htdocs\pro\system\CLI\CLI.php(161): CodeIgniter\CLI\CLI::parseCommandLine()
#1 C:\xampp\htdocs\pro\system\CLI\CLI.php(1115): CodeIgniter\CLI\CLI::init()
#2 C:\xampp\htdocs\pro\system\Autoloader\Autoloader.php(312): include_once('C:\\xampp\\htdocs...')
#3 C:\xampp\htdocs\pro\system\Autoloader\Autoloader.php(289): CodeIgniter\Autoloader\Autoloader->includeFile('C:\\xampp\\htdocs...')
#4 C:\xampp\htdocs\pro\system\Autoloader\Autoloader.php(267): CodeIgniter\Autoloader\Autoloader->loadInNamespace('CodeIgniter\\CLI...')
#5 [internal function]: CodeIgniter\Autoloader\Autoloader->loadClass('CodeIgniter\\CLI...')
#6 C:\xampp\htdocs\pro\app\Views\errors\cli\error_exception.php(6): spl_autoload_call('CodeIgniter\\CLI...')
#7 C:\xampp\htdocs\pro\app\Views\errors\cli\production.php(5): include('C:\\xampp\\htdocs...')
#8 C:\xampp\htdocs\pro\system\Debug\Exceptions.php(282): include(
【Previous Exception】
CodeIgniter\Exceptions\FrameworkException
The framework needs the following extension(s) installed and loaded: intl, mbstring.
#0 C:\xampp\htdocs\pro\system\CodeIgniter.php(226): CodeIgniter\Exceptions\FrameworkException::forMissingExtension('intl, mbstring')
#1 C:\xampp\htdocs\pro\system\CodeIgniter.php(190): CodeIgniter\CodeIgniter->resolvePlatformExtensions()
#2 C:\xampp\htdocs\pro\spark(83): CodeIgniter\CodeIgniter->initialize()
#3 {main}
in SYSTEMPATH\CLI\CLI.php on line 872.
 1 [internal function]: CodeIgniter\Debug\Exceptions->shutdownHandler()
